[0.873s] [34mcolcon[0m [1;30mDEBUG[0m [32mCommand line arguments: ['/usr/bin/colcon', 'build'][0m
[0.873s] [34mcolcon[0m [1;30mDEBUG[0m [32mParsed command line arguments: Namespace(log_base=None, log_level=None, verb_name='build', build_base='build', install_base='install', merge_install=False, symlink_install=False, test_result_base=None, continue_on_error=False, executor='parallel', parallel_workers=16, event_handlers=None, ignore_user_meta=False, metas=['./colcon.meta'], base_paths=['.'], packages_ignore=None, packages_ignore_regex=None, paths=None, packages_up_to=None, packages_up_to_regex=None, packages_above=None, packages_above_and_dependencies=None, packages_above_depth=None, packages_select_by_dep=None, packages_skip_by_dep=None, packages_skip_up_to=None, packages_select_build_failed=False, packages_skip_build_finished=False, packages_select_test_failures=False, packages_skip_test_passed=False, packages_select=None, packages_skip=None, packages_select_regex=None, packages_skip_regex=None, packages_start=None, packages_end=None, allow_overriding=[], cmake_args=None, cmake_target=None, cmake_target_skip_unavailable=False, cmake_clean_cache=False, cmake_clean_first=False, cmake_force_configure=False, ament_cmake_args=None, catkin_cmake_args=None, catkin_skip_building_tests=False, verb_parser=<colcon_defaults.argument_parser.defaults.DefaultArgumentsDecorator object at 0x7f297f111420>, verb_extension=<colcon_core.verb.build.BuildVerb object at 0x7f297f112fb0>, main=<bound method BuildVerb.main of <colcon_core.verb.build.BuildVerb object at 0x7f297f112fb0>>)[0m
[0.912s] [34mcolcon.colcon_core.package_discovery[0m [1;30mLevel 1[0m discover_packages(colcon_meta) check parameters
[0.912s] [34mcolcon.colcon_core.package_discovery[0m [1;30mLevel 1[0m discover_packages(recursive) check parameters
[0.912s] [34mcolcon.colcon_core.package_discovery[0m [1;30mLevel 1[0m discover_packages(ignore) check parameters
[0.912s] [34mcolcon.colcon_core.package_discovery[0m [1;30mLevel 1[0m discover_packages(path) check parameters
[0.912s] [34mcolcon.colcon_core.package_discovery[0m [1;30mLevel 1[0m discover_packages(colcon_meta) discover
[0.912s] [34mcolcon.colcon_core.package_discovery[0m [1;30mLevel 1[0m discover_packages(recursive) discover
[0.912s] [34mcolcon.colcon_core.package_discovery[0m [1;30mINFO[0m Crawling recursively for packages in '/home/bagas/ros2_workspace'
[0.912s] [34mcolcon.colcon_core.package_identification[0m [1;30mLevel 1[0m _identify(.) by extensions ['ignore', 'ignore_ament_install']
[0.912s] [34mcolcon.colcon_core.package_identification[0m [1;30mLevel 1[0m _identify(.) by extension 'ignore'
[0.912s] [34mcolcon.colcon_core.package_identification[0m [1;30mLevel 1[0m _identify(.) by extension 'ignore_ament_install'
[0.912s] [34mcolcon.colcon_core.package_identification[0m [1;30mLevel 1[0m _identify(.) by extensions ['colcon_pkg']
[0.912s] [34mcolcon.colcon_core.package_identification[0m [1;30mLevel 1[0m _identify(.) by extension 'colcon_pkg'
[0.912s] [34mcolcon.colcon_core.package_identification[0m [1;30mLevel 1[0m _identify(.) by extensions ['colcon_meta']
[0.912s] [34mcolcon.colcon_core.package_identification[0m [1;30mLevel 1[0m _identify(.) by extension 'colcon_meta'
[0.912s] [34mcolcon.colcon_core.package_identification[0m [1;30mLevel 1[0m _identify(.) by extensions ['ros']
[0.912s] [34mcolcon.colcon_core.package_identification[0m [1;30mLevel 1[0m _identify(.) by extension 'ros'
[0.920s] [34mcolcon.colcon_core.package_identification[0m [1;30mLevel 1[0m _identify(.) by extensions ['cmake', 'python']
[0.920s] [34mcolcon.colcon_core.package_identification[0m [1;30mLevel 1[0m _identify(.) by extension 'cmake'
[0.921s] [34mcolcon.colcon_core.package_identification[0m [1;30mLevel 1[0m _identify(.) by extension 'python'
[0.921s] [34mcolcon.colcon_core.package_identification[0m [1;30mLevel 1[0m _identify(.) by extensions ['python_setup_py']
[0.921s] [34mcolcon.colcon_core.package_identification[0m [1;30mLevel 1[0m _identify(.) by extension 'python_setup_py'
[0.921s] [34mcolcon.colcon_core.package_identification[0m [1;30mLevel 1[0m _identify(build) by extensions ['ignore', 'ignore_ament_install']
[0.921s] [34mcolcon.colcon_core.package_identification[0m [1;30mLevel 1[0m _identify(build) by extension 'ignore'
[0.921s] [34mcolcon.colcon_core.package_identification[0m [1;30mLevel 1[0m _identify(build) ignored
[0.921s] [34mcolcon.colcon_core.package_identification[0m [1;30mLevel 1[0m _identify(install) by extensions ['ignore', 'ignore_ament_install']
[0.921s] [34mcolcon.colcon_core.package_identification[0m [1;30mLevel 1[0m _identify(install) by extension 'ignore'
[0.921s] [34mcolcon.colcon_core.package_identification[0m [1;30mLevel 1[0m _identify(install) ignored
[0.921s] [34mcolcon.colcon_core.package_identification[0m [1;30mLevel 1[0m _identify(log) by extensions ['ignore', 'ignore_ament_install']
[0.921s] [34mcolcon.colcon_core.package_identification[0m [1;30mLevel 1[0m _identify(log) by extension 'ignore'
[0.921s] [34mcolcon.colcon_core.package_identification[0m [1;30mLevel 1[0m _identify(log) ignored
[0.921s] [34mcolcon.colcon_core.package_identification[0m [1;30mLevel 1[0m _identify(src) by extensions ['ignore', 'ignore_ament_install']
[0.921s] [34mcolcon.colcon_core.package_identification[0m [1;30mLevel 1[0m _identify(src) by extension 'ignore'
[0.922s] [34mcolcon.colcon_core.package_identification[0m [1;30mLevel 1[0m _identify(src) by extension 'ignore_ament_install'
[0.922s] [34mcolcon.colcon_core.package_identification[0m [1;30mLevel 1[0m _identify(src) by extensions ['colcon_pkg']
[0.922s] [34mcolcon.colcon_core.package_identification[0m [1;30mLevel 1[0m _identify(src) by extension 'colcon_pkg'
[0.922s] [34mcolcon.colcon_core.package_identification[0m [1;30mLevel 1[0m _identify(src) by extensions ['colcon_meta']
[0.922s] [34mcolcon.colcon_core.package_identification[0m [1;30mLevel 1[0m _identify(src) by extension 'colcon_meta'
[0.922s] [34mcolcon.colcon_core.package_identification[0m [1;30mLevel 1[0m _identify(src) by extensions ['ros']
[0.922s] [34mcolcon.colcon_core.package_identification[0m [1;30mLevel 1[0m _identify(src) by extension 'ros'
[0.922s] [34mcolcon.colcon_core.package_identification[0m [1;30mLevel 1[0m _identify(src) by extensions ['cmake', 'python']
[0.922s] [34mcolcon.colcon_core.package_identification[0m [1;30mLevel 1[0m _identify(src) by extension 'cmake'
[0.922s] [34mcolcon.colcon_core.package_identification[0m [1;30mLevel 1[0m _identify(src) by extension 'python'
[0.922s] [34mcolcon.colcon_core.package_identification[0m [1;30mLevel 1[0m _identify(src) by extensions ['python_setup_py']
[0.922s] [34mcolcon.colcon_core.package_identification[0m [1;30mLevel 1[0m _identify(src) by extension 'python_setup_py'
[0.922s] [34mcolcon.colcon_core.package_identification[0m [1;30mLevel 1[0m _identify(src/pertama) by extensions ['ignore', 'ignore_ament_install']
[0.922s] [34mcolcon.colcon_core.package_identification[0m [1;30mLevel 1[0m _identify(src/pertama) by extension 'ignore'
[0.922s] [34mcolcon.colcon_core.package_identification[0m [1;30mLevel 1[0m _identify(src/pertama) by extension 'ignore_ament_install'
[0.922s] [34mcolcon.colcon_core.package_identification[0m [1;30mLevel 1[0m _identify(src/pertama) by extensions ['colcon_pkg']
[0.922s] [34mcolcon.colcon_core.package_identification[0m [1;30mLevel 1[0m _identify(src/pertama) by extension 'colcon_pkg'
[0.922s] [34mcolcon.colcon_core.package_identification[0m [1;30mLevel 1[0m _identify(src/pertama) by extensions ['colcon_meta']
[0.922s] [34mcolcon.colcon_core.package_identification[0m [1;30mLevel 1[0m _identify(src/pertama) by extension 'colcon_meta'
[0.922s] [34mcolcon.colcon_core.package_identification[0m [1;30mLevel 1[0m _identify(src/pertama) by extensions ['ros']
[0.922s] [34mcolcon.colcon_core.package_identification[0m [1;30mLevel 1[0m _identify(src/pertama) by extension 'ros'
[0.924s] [34mcolcon.colcon_core.package_identification[0m [1;30mDEBUG[0m [32mPackage 'src/pertama' with type 'ros.ament_cmake' and name 'pertama'[0m
[0.924s] [34mcolcon.colcon_core.package_discovery[0m [1;30mLevel 1[0m discover_packages(recursive) using defaults
[0.924s] [34mcolcon.colcon_core.package_discovery[0m [1;30mLevel 1[0m discover_packages(ignore) discover
[0.924s] [34mcolcon.colcon_core.package_discovery[0m [1;30mLevel 1[0m discover_packages(ignore) using defaults
[0.924s] [34mcolcon.colcon_core.package_discovery[0m [1;30mLevel 1[0m discover_packages(path) discover
[0.924s] [34mcolcon.colcon_core.package_discovery[0m [1;30mLevel 1[0m discover_packages(path) using defaults
[1.002s] [34mcolcon.colcon_core.package_discovery[0m [1;30mLevel 1[0m discover_packages(prefix_path) check parameters
[1.002s] [34mcolcon.colcon_core.package_discovery[0m [1;30mLevel 1[0m discover_packages(prefix_path) discover
[1.030s] [34mcolcon.colcon_installed_package_information.package_discovery[0m [1;30mDEBUG[0m [32mFound 2 installed packages in /home/bagas/ros2_workspace/install[0m
[1.043s] [34mcolcon.colcon_installed_package_information.package_discovery[0m [1;30mDEBUG[0m [32mFound 5 installed packages in /home/bagas/ProgramRobot/ROS/PROG_Phynix_USB_ROS/install[0m
[1.057s] [34mcolcon.colcon_installed_package_information.package_discovery[0m [1;30mDEBUG[0m [32mFound 274 installed packages in /opt/ros/humble[0m
[1.074s] [34mcolcon.colcon_core.package_discovery[0m [1;30mLevel 1[0m discover_packages(prefix_path) using defaults
[1.151s] [34mcolcon.colcon_core.verb[0m [1;30mLevel 5[0m set package 'pertama' build argument 'cmake_args' from command line to 'None'
[1.151s] [34mcolcon.colcon_core.verb[0m [1;30mLevel 5[0m set package 'pertama' build argument 'cmake_target' from command line to 'None'
[1.151s] [34mcolcon.colcon_core.verb[0m [1;30mLevel 5[0m set package 'pertama' build argument 'cmake_target_skip_unavailable' from command line to 'False'
[1.151s] [34mcolcon.colcon_core.verb[0m [1;30mLevel 5[0m set package 'pertama' build argument 'cmake_clean_cache' from command line to 'False'
[1.151s] [34mcolcon.colcon_core.verb[0m [1;30mLevel 5[0m set package 'pertama' build argument 'cmake_clean_first' from command line to 'False'
[1.151s] [34mcolcon.colcon_core.verb[0m [1;30mLevel 5[0m set package 'pertama' build argument 'cmake_force_configure' from command line to 'False'
[1.151s] [34mcolcon.colcon_core.verb[0m [1;30mLevel 5[0m set package 'pertama' build argument 'ament_cmake_args' from command line to 'None'
[1.151s] [34mcolcon.colcon_core.verb[0m [1;30mLevel 5[0m set package 'pertama' build argument 'catkin_cmake_args' from command line to 'None'
[1.151s] [34mcolcon.colcon_core.verb[0m [1;30mLevel 5[0m set package 'pertama' build argument 'catkin_skip_building_tests' from command line to 'False'
[1.151s] [34mcolcon.colcon_core.verb[0m [1;30mDEBUG[0m [32mBuilding package 'pertama' with the following arguments: {'ament_cmake_args': None, 'build_base': '/home/bagas/ros2_workspace/build/pertama', 'catkin_cmake_args': None, 'catkin_skip_building_tests': False, 'cmake_args': None, 'cmake_clean_cache': False, 'cmake_clean_first': False, 'cmake_force_configure': False, 'cmake_target': None, 'cmake_target_skip_unavailable': False, 'install_base': '/home/bagas/ros2_workspace/install/pertama', 'merge_install': False, 'path': '/home/bagas/ros2_workspace/src/pertama', 'symlink_install': False, 'test_result_base': None}[0m
[1.164s] [34mcolcon.colcon_core.executor[0m [1;30mINFO[0m Executing jobs using 'parallel' executor
[1.179s] [34mcolcon.colcon_parallel_executor.executor.parallel[0m [1;30mDEBUG[0m [32mrun_until_complete[0m
[1.179s] [34mcolcon.colcon_ros.task.ament_cmake.build[0m [1;30mINFO[0m Building ROS package in '/home/bagas/ros2_workspace/src/pertama' with build type 'ament_cmake'
[1.179s] [34mcolcon.colcon_cmake.task.cmake.build[0m [1;30mINFO[0m Building CMake package in '/home/bagas/ros2_workspace/src/pertama'
[1.194s] [34mcolcon.colcon_core.plugin_system[0m [1;30mINFO[0m Skipping extension 'colcon_core.shell.bat': Not used on non-Windows systems
[1.195s] [34mcolcon.colcon_core.shell[0m [1;30mINFO[0m Skip shell extension 'powershell' for command environment: Not usable outside of PowerShell
[1.195s] [34mcolcon.colcon_core.shell[0m [1;30mDEBUG[0m [32mSkip shell extension 'dsv' for command environment[0m
[1.257s] [34mcolcon.colcon_core.event_handler.log_command[0m [1;30mDEBUG[0m [32mInvoking command in '/home/bagas/ros2_workspace/build/pertama': CMAKE_PREFIX_PATH=${CMAKE_PREFIX_PATH}:/opt/ros/humble /usr/bin/cmake --build /home/bagas/ros2_workspace/build/pertama -- -j16 -l16[0m
[4.548s] [34mcolcon.colcon_core.event_handler.log_command[0m [1;30mDEBUG[0m [32mInvoked command in '/home/bagas/ros2_workspace/build/pertama' returned '0': CMAKE_PREFIX_PATH=${CMAKE_PREFIX_PATH}:/opt/ros/humble /usr/bin/cmake --build /home/bagas/ros2_workspace/build/pertama -- -j16 -l16[0m
[4.588s] [34mcolcon.colcon_core.event_handler.log_command[0m [1;30mDEBUG[0m [32mInvoking command in '/home/bagas/ros2_workspace/build/pertama': CMAKE_PREFIX_PATH=${CMAKE_PREFIX_PATH}:/opt/ros/humble /usr/bin/cmake --install /home/bagas/ros2_workspace/build/pertama[0m
[4.599s] [34mcolcon.colcon_core.environment[0m [1;30mLevel 1[0m create_environment_scripts_only(pertama)
[4.600s] [34mcolcon.colcon_core.event_handler.log_command[0m [1;30mDEBUG[0m [32mInvoked command in '/home/bagas/ros2_workspace/build/pertama' returned '0': CMAKE_PREFIX_PATH=${CMAKE_PREFIX_PATH}:/opt/ros/humble /usr/bin/cmake --install /home/bagas/ros2_workspace/build/pertama[0m
[4.615s] [34mcolcon.colcon_core.environment[0m [1;30mLevel 1[0m checking '/home/bagas/ros2_workspace/install/pertama' for CMake module files
[4.615s] [34mcolcon.colcon_core.environment[0m [1;30mLevel 1[0m checking '/home/bagas/ros2_workspace/install/pertama' for CMake config files
[4.616s] [34mcolcon.colcon_core.shell[0m [1;30mLevel 1[0m create_environment_hook('pertama', 'cmake_prefix_path')
[4.628s] [34mcolcon.colcon_core.shell[0m [1;30mINFO[0m Creating environment hook '/home/bagas/ros2_workspace/install/pertama/share/pertama/hook/cmake_prefix_path.ps1'
[4.629s] [34mcolcon.colcon_core.shell[0m [1;30mINFO[0m Creating environment descriptor '/home/bagas/ros2_workspace/install/pertama/share/pertama/hook/cmake_prefix_path.dsv'
[4.629s] [34mcolcon.colcon_core.shell[0m [1;30mINFO[0m Creating environment hook '/home/bagas/ros2_workspace/install/pertama/share/pertama/hook/cmake_prefix_path.sh'
[4.630s] [34mcolcon.colcon_core.environment[0m [1;30mLevel 1[0m checking '/home/bagas/ros2_workspace/install/pertama/lib'
[4.630s] [34mcolcon.colcon_core.environment[0m [1;30mLevel 1[0m checking '/home/bagas/ros2_workspace/install/pertama/bin'
[4.630s] [34mcolcon.colcon_core.environment[0m [1;30mLevel 1[0m checking '/home/bagas/ros2_workspace/install/pertama/lib/pkgconfig/pertama.pc'
[4.630s] [34mcolcon.colcon_core.environment[0m [1;30mLevel 1[0m checking '/home/bagas/ros2_workspace/install/pertama/lib/python3.10/site-packages'
[4.630s] [34mcolcon.colcon_core.environment[0m [1;30mLevel 1[0m checking '/home/bagas/ros2_workspace/install/pertama/bin'
[4.643s] [34mcolcon.colcon_core.shell[0m [1;30mINFO[0m Creating package script '/home/bagas/ros2_workspace/install/pertama/share/pertama/package.ps1'
[4.644s] [34mcolcon.colcon_core.shell[0m [1;30mINFO[0m Creating package descriptor '/home/bagas/ros2_workspace/install/pertama/share/pertama/package.dsv'
[4.644s] [34mcolcon.colcon_core.shell[0m [1;30mINFO[0m Creating package script '/home/bagas/ros2_workspace/install/pertama/share/pertama/package.sh'
[4.645s] [34mcolcon.colcon_core.shell[0m [1;30mINFO[0m Creating package script '/home/bagas/ros2_workspace/install/pertama/share/pertama/package.bash'
[4.645s] [34mcolcon.colcon_core.shell[0m [1;30mINFO[0m Creating package script '/home/bagas/ros2_workspace/install/pertama/share/pertama/package.zsh'
[4.646s] [34mcolcon.colcon_core.environment[0m [1;30mLevel 1[0m create_file_with_runtime_dependencies(/home/bagas/ros2_workspace/install/pertama/share/colcon-core/packages/pertama)
[4.689s] [34mcolcon.colcon_core.environment[0m [1;30mLevel 1[0m create_environment_scripts_only(pertama)
[4.703s] [34mcolcon.colcon_core.environment[0m [1;30mLevel 1[0m checking '/home/bagas/ros2_workspace/install/pertama' for CMake module files
[4.704s] [34mcolcon.colcon_core.environment[0m [1;30mLevel 1[0m checking '/home/bagas/ros2_workspace/install/pertama' for CMake config files
[4.704s] [34mcolcon.colcon_core.shell[0m [1;30mLevel 1[0m create_environment_hook('pertama', 'cmake_prefix_path')
[4.717s] [34mcolcon.colcon_core.shell[0m [1;30mINFO[0m Creating environment hook '/home/bagas/ros2_workspace/install/pertama/share/pertama/hook/cmake_prefix_path.ps1'
[4.717s] [34mcolcon.colcon_core.shell[0m [1;30mINFO[0m Creating environment descriptor '/home/bagas/ros2_workspace/install/pertama/share/pertama/hook/cmake_prefix_path.dsv'
[4.718s] [34mcolcon.colcon_core.shell[0m [1;30mINFO[0m Creating environment hook '/home/bagas/ros2_workspace/install/pertama/share/pertama/hook/cmake_prefix_path.sh'
[4.718s] [34mcolcon.colcon_core.environment[0m [1;30mLevel 1[0m checking '/home/bagas/ros2_workspace/install/pertama/lib'
[4.718s] [34mcolcon.colcon_core.environment[0m [1;30mLevel 1[0m checking '/home/bagas/ros2_workspace/install/pertama/bin'
[4.718s] [34mcolcon.colcon_core.environment[0m [1;30mLevel 1[0m checking '/home/bagas/ros2_workspace/install/pertama/lib/pkgconfig/pertama.pc'
[4.718s] [34mcolcon.colcon_core.environment[0m [1;30mLevel 1[0m checking '/home/bagas/ros2_workspace/install/pertama/lib/python3.10/site-packages'
[4.719s] [34mcolcon.colcon_core.environment[0m [1;30mLevel 1[0m checking '/home/bagas/ros2_workspace/install/pertama/bin'
[4.732s] [34mcolcon.colcon_core.shell[0m [1;30mINFO[0m Creating package script '/home/bagas/ros2_workspace/install/pertama/share/pertama/package.ps1'
[4.732s] [34mcolcon.colcon_core.shell[0m [1;30mINFO[0m Creating package descriptor '/home/bagas/ros2_workspace/install/pertama/share/pertama/package.dsv'
[4.732s] [34mcolcon.colcon_core.shell[0m [1;30mINFO[0m Creating package script '/home/bagas/ros2_workspace/install/pertama/share/pertama/package.sh'
[4.733s] [34mcolcon.colcon_core.shell[0m [1;30mINFO[0m Creating package script '/home/bagas/ros2_workspace/install/pertama/share/pertama/package.bash'
[4.733s] [34mcolcon.colcon_core.shell[0m [1;30mINFO[0m Creating package script '/home/bagas/ros2_workspace/install/pertama/share/pertama/package.zsh'
[4.733s] [34mcolcon.colcon_core.environment[0m [1;30mLevel 1[0m create_file_with_runtime_dependencies(/home/bagas/ros2_workspace/install/pertama/share/colcon-core/packages/pertama)
[4.734s] [34mcolcon.colcon_parallel_executor.executor.parallel[0m [1;30mDEBUG[0m [32mclosing loop[0m
[4.734s] [34mcolcon.colcon_parallel_executor.executor.parallel[0m [1;30mDEBUG[0m [32mloop closed[0m
[4.734s] [34mcolcon.colcon_parallel_executor.executor.parallel[0m [1;30mDEBUG[0m [32mrun_until_complete finished with '0'[0m
[4.734s] [34mcolcon.colcon_core.event_reactor[0m [1;30mDEBUG[0m [32mjoining thread[0m
[4.752s] [34mcolcon.colcon_core.plugin_system[0m [1;30mINFO[0m Skipping extension 'colcon_notification.desktop_notification.terminal_notifier': Not used on non-Darwin systems
[4.752s] [34mcolcon.colcon_core.plugin_system[0m [1;30mINFO[0m Skipping extension 'colcon_notification.desktop_notification.win32': Not used on non-Windows systems
[4.752s] [34mcolcon.colcon_notification.desktop_notification[0m [1;30mINFO[0m Sending desktop notification using 'notify2'
[4.763s] [34mcolcon.colcon_core.event_reactor[0m [1;30mDEBUG[0m [32mjoined thread[0m
[4.777s] [34mcolcon.colcon_core.shell[0m [1;30mINFO[0m Creating prefix script '/home/bagas/ros2_workspace/install/local_setup.ps1'
[4.777s] [34mcolcon.colcon_core.shell[0m [1;30mINFO[0m Creating prefix util module '/home/bagas/ros2_workspace/install/_local_setup_util_ps1.py'
[4.778s] [34mcolcon.colcon_core.shell[0m [1;30mINFO[0m Creating prefix chain script '/home/bagas/ros2_workspace/install/setup.ps1'
[4.792s] [34mcolcon.colcon_core.shell[0m [1;30mINFO[0m Creating prefix script '/home/bagas/ros2_workspace/install/local_setup.sh'
[4.793s] [34mcolcon.colcon_core.shell[0m [1;30mINFO[0m Creating prefix util module '/home/bagas/ros2_workspace/install/_local_setup_util_sh.py'
[4.793s] [34mcolcon.colcon_core.shell[0m [1;30mINFO[0m Creating prefix chain script '/home/bagas/ros2_workspace/install/setup.sh'
[4.808s] [34mcolcon.colcon_core.shell[0m [1;30mINFO[0m Creating prefix script '/home/bagas/ros2_workspace/install/local_setup.bash'
[4.808s] [34mcolcon.colcon_core.shell[0m [1;30mINFO[0m Creating prefix chain script '/home/bagas/ros2_workspace/install/setup.bash'
[4.822s] [34mcolcon.colcon_core.shell[0m [1;30mINFO[0m Creating prefix script '/home/bagas/ros2_workspace/install/local_setup.zsh'
[4.822s] [34mcolcon.colcon_core.shell[0m [1;30mINFO[0m Creating prefix chain script '/home/bagas/ros2_workspace/install/setup.zsh'
