[0.998s] colcon DEBUG Command line arguments: ['/usr/bin/colcon', 'list', '-p', '--base-paths', '/home/bagas/ros2_workspace']
[0.998s] colcon DEBUG Parsed command line arguments: Namespace(log_base=None, log_level=None, verb_name='list', build_base='build', ignore_user_meta=False, metas=['./colcon.meta'], base_paths=['/home/bagas/ros2_workspace'], packages_ignore=None, packages_ignore_regex=None, paths=None, packages_up_to=None, packages_up_to_regex=None, packages_above=None, packages_above_and_dependencies=None, packages_above_depth=None, packages_select_by_dep=None, packages_skip_by_dep=None, packages_skip_up_to=None, packages_select_build_failed=False, packages_skip_build_finished=False, packages_select_test_failures=False, packages_skip_test_passed=False, packages_select=None, packages_skip=None, packages_select_regex=None, packages_skip_regex=None, packages_start=None, packages_end=None, allow_overriding=[], topological_order=False, names_only=False, paths_only=True, topological_graph=False, topological_graph_dot=False, topological_graph_density=False, topological_graph_legend=False, topological_graph_dot_cluster=False, topological_graph_dot_include_skipped=False, verb_parser=<colcon_defaults.argument_parser.defaults.DefaultArgumentsDecorator object at 0x7f2af3d2e410>, verb_extension=<colcon_package_information.verb.list.ListVerb object at 0x7f2af3d06fb0>, main=<bound method ListVerb.main of <colcon_package_information.verb.list.ListVerb object at 0x7f2af3d06fb0>>)
[1.045s] colcon.colcon_core.package_discovery Level 1 discover_packages(colcon_meta) check parameters
[1.045s] colcon.colcon_core.package_discovery Level 1 discover_packages(recursive) check parameters
[1.045s] colcon.colcon_core.package_discovery Level 1 discover_packages(ignore) check parameters
[1.045s] colcon.colcon_core.package_discovery Level 1 discover_packages(path) check parameters
[1.045s] colcon.colcon_core.package_discovery Level 1 discover_packages(recursive) discover
[1.045s] colcon.colcon_core.package_discovery INFO Crawling recursively for packages in '/home/bagas/ros2_workspace'
[1.045s] colcon.colcon_core.package_identification Level 1 _identify(/home/bagas/ros2_workspace) by extensions ['ignore', 'ignore_ament_install']
[1.046s] colcon.colcon_core.package_identification Level 1 _identify(/home/bagas/ros2_workspace) by extension 'ignore'
[1.046s] colcon.colcon_core.package_identification Level 1 _identify(/home/bagas/ros2_workspace) by extension 'ignore_ament_install'
[1.046s] colcon.colcon_core.package_identification Level 1 _identify(/home/bagas/ros2_workspace) by extensions ['colcon_pkg']
[1.046s] colcon.colcon_core.package_identification Level 1 _identify(/home/bagas/ros2_workspace) by extension 'colcon_pkg'
[1.046s] colcon.colcon_core.package_identification Level 1 _identify(/home/bagas/ros2_workspace) by extensions ['colcon_meta']
[1.046s] colcon.colcon_core.package_identification Level 1 _identify(/home/bagas/ros2_workspace) by extension 'colcon_meta'
[1.046s] colcon.colcon_core.package_identification Level 1 _identify(/home/bagas/ros2_workspace) by extensions ['ros']
[1.046s] colcon.colcon_core.package_identification Level 1 _identify(/home/bagas/ros2_workspace) by extension 'ros'
[1.055s] colcon.colcon_core.package_identification Level 1 _identify(/home/bagas/ros2_workspace) by extensions ['cmake', 'python']
[1.055s] colcon.colcon_core.package_identification Level 1 _identify(/home/bagas/ros2_workspace) by extension 'cmake'
[1.055s] colcon.colcon_core.package_identification Level 1 _identify(/home/bagas/ros2_workspace) by extension 'python'
[1.055s] colcon.colcon_core.package_identification Level 1 _identify(/home/bagas/ros2_workspace) by extensions ['python_setup_py']
[1.055s] colcon.colcon_core.package_identification Level 1 _identify(/home/bagas/ros2_workspace) by extension 'python_setup_py'
[1.055s] colcon.colcon_core.package_identification Level 1 _identify(/home/bagas/ros2_workspace/build) by extensions ['ignore', 'ignore_ament_install']
[1.055s] colcon.colcon_core.package_identification Level 1 _identify(/home/bagas/ros2_workspace/build) by extension 'ignore'
[1.056s] colcon.colcon_core.package_identification Level 1 _identify(/home/bagas/ros2_workspace/build) ignored
[1.056s] colcon.colcon_core.package_identification Level 1 _identify(/home/bagas/ros2_workspace/install) by extensions ['ignore', 'ignore_ament_install']
[1.056s] colcon.colcon_core.package_identification Level 1 _identify(/home/bagas/ros2_workspace/install) by extension 'ignore'
[1.056s] colcon.colcon_core.package_identification Level 1 _identify(/home/bagas/ros2_workspace/install) ignored
[1.056s] colcon.colcon_core.package_identification Level 1 _identify(/home/bagas/ros2_workspace/log) by extensions ['ignore', 'ignore_ament_install']
[1.056s] colcon.colcon_core.package_identification Level 1 _identify(/home/bagas/ros2_workspace/log) by extension 'ignore'
[1.056s] colcon.colcon_core.package_identification Level 1 _identify(/home/bagas/ros2_workspace/log) ignored
[1.056s] colcon.colcon_core.package_identification Level 1 _identify(/home/bagas/ros2_workspace/src) by extensions ['ignore', 'ignore_ament_install']
[1.056s] colcon.colcon_core.package_identification Level 1 _identify(/home/bagas/ros2_workspace/src) by extension 'ignore'
[1.056s] colcon.colcon_core.package_identification Level 1 _identify(/home/bagas/ros2_workspace/src) by extension 'ignore_ament_install'
[1.056s] colcon.colcon_core.package_identification Level 1 _identify(/home/bagas/ros2_workspace/src) by extensions ['colcon_pkg']
[1.056s] colcon.colcon_core.package_identification Level 1 _identify(/home/bagas/ros2_workspace/src) by extension 'colcon_pkg'
[1.056s] colcon.colcon_core.package_identification Level 1 _identify(/home/bagas/ros2_workspace/src) by extensions ['colcon_meta']
[1.057s] colcon.colcon_core.package_identification Level 1 _identify(/home/bagas/ros2_workspace/src) by extension 'colcon_meta'
[1.057s] colcon.colcon_core.package_identification Level 1 _identify(/home/bagas/ros2_workspace/src) by extensions ['ros']
[1.057s] colcon.colcon_core.package_identification Level 1 _identify(/home/bagas/ros2_workspace/src) by extension 'ros'
[1.057s] colcon.colcon_core.package_identification Level 1 _identify(/home/bagas/ros2_workspace/src) by extensions ['cmake', 'python']
[1.057s] colcon.colcon_core.package_identification Level 1 _identify(/home/bagas/ros2_workspace/src) by extension 'cmake'
[1.057s] colcon.colcon_core.package_identification Level 1 _identify(/home/bagas/ros2_workspace/src) by extension 'python'
[1.057s] colcon.colcon_core.package_identification Level 1 _identify(/home/bagas/ros2_workspace/src) by extensions ['python_setup_py']
[1.057s] colcon.colcon_core.package_identification Level 1 _identify(/home/bagas/ros2_workspace/src) by extension 'python_setup_py'
[1.057s] colcon.colcon_core.package_identification Level 1 _identify(/home/bagas/ros2_workspace/src/test) by extensions ['ignore', 'ignore_ament_install']
[1.057s] colcon.colcon_core.package_identification Level 1 _identify(/home/bagas/ros2_workspace/src/test) by extension 'ignore'
[1.057s] colcon.colcon_core.package_identification Level 1 _identify(/home/bagas/ros2_workspace/src/test) by extension 'ignore_ament_install'
[1.057s] colcon.colcon_core.package_identification Level 1 _identify(/home/bagas/ros2_workspace/src/test) by extensions ['colcon_pkg']
[1.057s] colcon.colcon_core.package_identification Level 1 _identify(/home/bagas/ros2_workspace/src/test) by extension 'colcon_pkg'
[1.057s] colcon.colcon_core.package_identification Level 1 _identify(/home/bagas/ros2_workspace/src/test) by extensions ['colcon_meta']
[1.057s] colcon.colcon_core.package_identification Level 1 _identify(/home/bagas/ros2_workspace/src/test) by extension 'colcon_meta'
[1.058s] colcon.colcon_core.package_identification Level 1 _identify(/home/bagas/ros2_workspace/src/test) by extensions ['ros']
[1.058s] colcon.colcon_core.package_identification Level 1 _identify(/home/bagas/ros2_workspace/src/test) by extension 'ros'
[1.061s] colcon.colcon_core.package_identification DEBUG Package '/home/bagas/ros2_workspace/src/test' with type 'ros.ament_cmake' and name 'test'
[1.061s] colcon.colcon_core.package_discovery Level 1 discover_packages(recursive) using defaults
