[0.061s] Invoking command in '/home/bagas/ros2_workspace/build/pertama': CMAKE_PREFIX_PATH=${CMAKE_PREFIX_PATH}:/opt/ros/humble /usr/bin/cmake --build /home/bagas/ros2_workspace/build/pertama -- -j16 -l16
[0.083s] -- Found ament_cmake: 1.3.6 (/opt/ros/humble/share/ament_cmake/cmake)
[0.199s] -- Found rclcpp: 16.0.7 (/opt/ros/humble/share/rclcpp/cmake)
[0.225s] -- Found rosidl_generator_c: 3.1.5 (/opt/ros/humble/share/rosidl_generator_c/cmake)
[0.227s] -- Found rosidl_adapter: 3.1.5 (/opt/ros/humble/share/rosidl_adapter/cmake)
[0.232s] -- Found rosidl_generator_cpp: 3.1.5 (/opt/ros/humble/share/rosidl_generator_cpp/cmake)
[0.240s] -- Using all available rosidl_typesupport_c: rosidl_typesupport_fastrtps_c;rosidl_typesupport_introspection_c
[0.253s] -- Using all available rosidl_typesupport_cpp: rosidl_typesupport_fastrtps_cpp;rosidl_typesupport_introspection_cpp
[0.298s] -- Found rmw_implementation_cmake: 6.1.1 (/opt/ros/humble/share/rmw_implementation_cmake/cmake)
[0.299s] -- Found rmw_fastrtps_cpp: 6.2.5 (/opt/ros/humble/share/rmw_fastrtps_cpp/cmake)
[0.415s] -- Using RMW implementation 'rmw_fastrtps_cpp' as default
[0.535s] -- Found ament_lint_auto: 0.12.9 (/opt/ros/humble/share/ament_lint_auto/cmake)
[0.588s] -- Added test 'cppcheck' to perform static code analysis on C / C++ code
[0.589s] -- Configured cppcheck include dirs: 
[0.589s] -- Configured cppcheck exclude dirs and/or files: 
[0.589s] -- Added test 'lint_cmake' to check CMake code style
[0.590s] -- Added test 'uncrustify' to check C / C++ code style
[0.590s] -- Configured uncrustify additional arguments: 
[0.590s] -- Added test 'xmllint' to check XML markup files
[0.591s] -- Configuring done
[0.596s] -- Generating done
[0.598s] -- Build files have been written to: /home/bagas/ros2_workspace/build/pertama
[0.633s] [ 50%] [32mBuilding CXX object CMakeFiles/pertama.dir/src/main.cpp.o[0m
[0.821s] [100%] [32m[1mLinking CXX executable pertama[0m
[0.886s] [100%] Built target pertama
[0.897s] Invoked command in '/home/bagas/ros2_workspace/build/pertama' returned '0': CMAKE_PREFIX_PATH=${CMAKE_PREFIX_PATH}:/opt/ros/humble /usr/bin/cmake --build /home/bagas/ros2_workspace/build/pertama -- -j16 -l16
[0.933s] Invoking command in '/home/bagas/ros2_workspace/build/pertama': CMAKE_PREFIX_PATH=${CMAKE_PREFIX_PATH}:/opt/ros/humble /usr/bin/cmake --install /home/bagas/ros2_workspace/build/pertama
[0.940s] -- Install configuration: ""
[0.940s] -- Installing: /home/bagas/ros2_workspace/install/pertama/lib/pertama/pertama
[0.940s] -- Up-to-date: /home/bagas/ros2_workspace/install/pertama/share/ament_index/resource_index/package_run_dependencies/pertama
[0.941s] -- Up-to-date: /home/bagas/ros2_workspace/install/pertama/share/ament_index/resource_index/parent_prefix_path/pertama
[0.941s] -- Up-to-date: /home/bagas/ros2_workspace/install/pertama/share/pertama/environment/ament_prefix_path.sh
[0.941s] -- Installing: /home/bagas/ros2_workspace/install/pertama/share/pertama/environment/ament_prefix_path.dsv
[0.941s] -- Up-to-date: /home/bagas/ros2_workspace/install/pertama/share/pertama/environment/path.sh
[0.941s] -- Installing: /home/bagas/ros2_workspace/install/pertama/share/pertama/environment/path.dsv
[0.941s] -- Up-to-date: /home/bagas/ros2_workspace/install/pertama/share/pertama/local_setup.bash
[0.941s] -- Up-to-date: /home/bagas/ros2_workspace/install/pertama/share/pertama/local_setup.sh
[0.941s] -- Up-to-date: /home/bagas/ros2_workspace/install/pertama/share/pertama/local_setup.zsh
[0.941s] -- Installing: /home/bagas/ros2_workspace/install/pertama/share/pertama/local_setup.dsv
[0.941s] -- Installing: /home/bagas/ros2_workspace/install/pertama/share/pertama/package.dsv
[0.941s] -- Up-to-date: /home/bagas/ros2_workspace/install/pertama/share/ament_index/resource_index/packages/pertama
[0.941s] -- Up-to-date: /home/bagas/ros2_workspace/install/pertama/share/pertama/cmake/pertamaConfig.cmake
[0.942s] -- Up-to-date: /home/bagas/ros2_workspace/install/pertama/share/pertama/cmake/pertamaConfig-version.cmake
[0.942s] -- Up-to-date: /home/bagas/ros2_workspace/install/pertama/share/pertama/package.xml
[0.943s] Invoked command in '/home/bagas/ros2_workspace/build/pertama' returned '0': CMAKE_PREFIX_PATH=${CMAKE_PREFIX_PATH}:/opt/ros/humble /usr/bin/cmake --install /home/bagas/ros2_workspace/build/pertama
