[0.253s] Invoking command in '/home/bagas/ros2_workspace/build/pertama': CMAKE_PREFIX_PATH=${CMAKE_PREFIX_PATH}:/home/bagas/ProgramRobot/ROS/test7/install/py_pubsub2:/home/bagas/ProgramRobot/ROS/test7/install/py_pubsub:/opt/ros/humble /usr/bin/cmake --build /home/bagas/ros2_workspace/build/pertama -- -j16 -l16
[0.308s] [35m[1mConsolidate compiler generated dependencies of target subscribe[0m
[0.309s] [35m[1mConsolidate compiler generated dependencies of target publish[0m
[0.324s] [ 33%] Built target hello
[0.339s] [100%] Built target publish
[0.339s] [100%] Built target subscribe
[0.664s] Invoked command in '/home/bagas/ros2_workspace/build/pertama' returned '0': CMAKE_PREFIX_PATH=${CMAKE_PREFIX_PATH}:/home/bagas/ProgramRobot/ROS/test7/install/py_pubsub2:/home/bagas/ProgramRobot/ROS/test7/install/py_pubsub:/opt/ros/humble /usr/bin/cmake --build /home/bagas/ros2_workspace/build/pertama -- -j16 -l16
[0.719s] Invoking command in '/home/bagas/ros2_workspace/build/pertama': CMAKE_PREFIX_PATH=${CMAKE_PREFIX_PATH}:/home/bagas/ProgramRobot/ROS/test7/install/py_pubsub2:/home/bagas/ProgramRobot/ROS/test7/install/py_pubsub:/opt/ros/humble /usr/bin/cmake --install /home/bagas/ros2_workspace/build/pertama
[0.729s] -- Install configuration: ""
[0.729s] -- Up-to-date: /home/bagas/ros2_workspace/install/pertama/lib/pertama/hello
[0.729s] -- Up-to-date: /home/bagas/ros2_workspace/install/pertama/lib/pertama/publish
[0.730s] -- Up-to-date: /home/bagas/ros2_workspace/install/pertama/lib/pertama/subscribe
[0.730s] -- Up-to-date: /home/bagas/ros2_workspace/install/pertama/share/ament_index/resource_index/package_run_dependencies/pertama
[0.730s] -- Up-to-date: /home/bagas/ros2_workspace/install/pertama/share/ament_index/resource_index/parent_prefix_path/pertama
[0.730s] -- Up-to-date: /home/bagas/ros2_workspace/install/pertama/share/pertama/environment/ament_prefix_path.sh
[0.731s] -- Up-to-date: /home/bagas/ros2_workspace/install/pertama/share/pertama/environment/ament_prefix_path.dsv
[0.731s] -- Up-to-date: /home/bagas/ros2_workspace/install/pertama/share/pertama/environment/path.sh
[0.731s] -- Up-to-date: /home/bagas/ros2_workspace/install/pertama/share/pertama/environment/path.dsv
[0.731s] -- Up-to-date: /home/bagas/ros2_workspace/install/pertama/share/pertama/local_setup.bash
[0.731s] -- Up-to-date: /home/bagas/ros2_workspace/install/pertama/share/pertama/local_setup.sh
[0.731s] -- Up-to-date: /home/bagas/ros2_workspace/install/pertama/share/pertama/local_setup.zsh
[0.731s] -- Up-to-date: /home/bagas/ros2_workspace/install/pertama/share/pertama/local_setup.dsv
[0.732s] -- Installing: /home/bagas/ros2_workspace/install/pertama/share/pertama/package.dsv
[0.732s] -- Up-to-date: /home/bagas/ros2_workspace/install/pertama/share/ament_index/resource_index/packages/pertama
[0.732s] -- Up-to-date: /home/bagas/ros2_workspace/install/pertama/share/pertama/cmake/pertamaConfig.cmake
[0.732s] -- Up-to-date: /home/bagas/ros2_workspace/install/pertama/share/pertama/cmake/pertamaConfig-version.cmake
[0.732s] -- Up-to-date: /home/bagas/ros2_workspace/install/pertama/share/pertama/package.xml
[0.734s] Invoked command in '/home/bagas/ros2_workspace/build/pertama' returned '0': CMAKE_PREFIX_PATH=${CMAKE_PREFIX_PATH}:/home/bagas/ProgramRobot/ROS/test7/install/py_pubsub2:/home/bagas/ProgramRobot/ROS/test7/install/py_pubsub:/opt/ros/humble /usr/bin/cmake --install /home/bagas/ros2_workspace/build/pertama
