[0.063s] Invoking command in '/home/bagas/ros2_workspace/build/pertama': CMAKE_PREFIX_PATH=${CMAKE_PREFIX_PATH}:/opt/ros/humble /usr/bin/cmake --build /home/bagas/ros2_workspace/build/pertama -- -j16 -l16
[0.104s] Invoked command in '/home/bagas/ros2_workspace/build/pertama' returned '0': CMAKE_PREFIX_PATH=${CMAKE_PREFIX_PATH}:/opt/ros/humble /usr/bin/cmake --build /home/bagas/ros2_workspace/build/pertama -- -j16 -l16
[0.139s] Invoking command in '/home/bagas/ros2_workspace/build/pertama': CMAKE_PREFIX_PATH=${CMAKE_PREFIX_PATH}:/opt/ros/humble /usr/bin/cmake --install /home/bagas/ros2_workspace/build/pertama
[0.145s] -- Install configuration: ""
[0.146s] -- Installing: /home/bagas/ros2_workspace/install/pertama/share/ament_index/resource_index/package_run_dependencies/pertama
[0.146s] -- Installing: /home/bagas/ros2_workspace/install/pertama/share/ament_index/resource_index/parent_prefix_path/pertama
[0.146s] -- Installing: /home/bagas/ros2_workspace/install/pertama/share/pertama/environment/ament_prefix_path.sh
[0.146s] -- Installing: /home/bagas/ros2_workspace/install/pertama/share/pertama/environment/ament_prefix_path.dsv
[0.146s] -- Installing: /home/bagas/ros2_workspace/install/pertama/share/pertama/environment/path.sh
[0.146s] -- Installing: /home/bagas/ros2_workspace/install/pertama/share/pertama/environment/path.dsv
[0.147s] -- Installing: /home/bagas/ros2_workspace/install/pertama/share/pertama/local_setup.bash
[0.147s] -- Installing: /home/bagas/ros2_workspace/install/pertama/share/pertama/local_setup.sh
[0.147s] -- Installing: /home/bagas/ros2_workspace/install/pertama/share/pertama/local_setup.zsh
[0.147s] -- Installing: /home/bagas/ros2_workspace/install/pertama/share/pertama/local_setup.dsv
[0.147s] -- Installing: /home/bagas/ros2_workspace/install/pertama/share/pertama/package.dsv
[0.147s] -- Installing: /home/bagas/ros2_workspace/install/pertama/share/ament_index/resource_index/packages/pertama
[0.147s] -- Installing: /home/bagas/ros2_workspace/install/pertama/share/pertama/cmake/pertamaConfig.cmake
[0.148s] -- Installing: /home/bagas/ros2_workspace/install/pertama/share/pertama/cmake/pertamaConfig-version.cmake
[0.148s] -- Installing: /home/bagas/ros2_workspace/install/pertama/share/pertama/package.xml
[0.150s] Invoked command in '/home/bagas/ros2_workspace/build/pertama' returned '0': CMAKE_PREFIX_PATH=${CMAKE_PREFIX_PATH}:/opt/ros/humble /usr/bin/cmake --install /home/bagas/ros2_workspace/build/pertama
