[0.877s] [34mcolcon[0m [1;30mDEBUG[0m [32mCommand line arguments: ['/usr/bin/colcon', 'build'][0m
[0.877s] [34mcolcon[0m [1;30mDEBUG[0m [32mParsed command line arguments: Namespace(log_base=None, log_level=None, verb_name='build', build_base='build', install_base='install', merge_install=False, symlink_install=False, test_result_base=None, continue_on_error=False, executor='parallel', parallel_workers=16, event_handlers=None, ignore_user_meta=False, metas=['./colcon.meta'], base_paths=['.'], packages_ignore=None, packages_ignore_regex=None, paths=None, packages_up_to=None, packages_up_to_regex=None, packages_above=None, packages_above_and_dependencies=None, packages_above_depth=None, packages_select_by_dep=None, packages_skip_by_dep=None, packages_skip_up_to=None, packages_select_build_failed=False, packages_skip_build_finished=False, packages_select_test_failures=False, packages_skip_test_passed=False, packages_select=None, packages_skip=None, packages_select_regex=None, packages_skip_regex=None, packages_start=None, packages_end=None, allow_overriding=[], cmake_args=None, cmake_target=None, cmake_target_skip_unavailable=False, cmake_clean_cache=False, cmake_clean_first=False, cmake_force_configure=False, ament_cmake_args=None, catkin_cmake_args=None, catkin_skip_building_tests=False, verb_parser=<colcon_defaults.argument_parser.defaults.DefaultArgumentsDecorator object at 0x7f1f2cf1bd00>, verb_extension=<colcon_core.verb.build.BuildVerb object at 0x7f1f2cf1b190>, main=<bound method BuildVerb.main of <colcon_core.verb.build.BuildVerb object at 0x7f1f2cf1b190>>)[0m
[0.917s] [34mcolcon.colcon_core.package_discovery[0m [1;30mLevel 1[0m discover_packages(colcon_meta) check parameters
[0.917s] [34mcolcon.colcon_core.package_discovery[0m [1;30mLevel 1[0m discover_packages(recursive) check parameters
[0.917s] [34mcolcon.colcon_core.package_discovery[0m [1;30mLevel 1[0m discover_packages(ignore) check parameters
[0.917s] [34mcolcon.colcon_core.package_discovery[0m [1;30mLevel 1[0m discover_packages(path) check parameters
[0.917s] [34mcolcon.colcon_core.package_discovery[0m [1;30mLevel 1[0m discover_packages(colcon_meta) discover
[0.917s] [34mcolcon.colcon_core.package_discovery[0m [1;30mLevel 1[0m discover_packages(recursive) discover
[0.917s] [34mcolcon.colcon_core.package_discovery[0m [1;30mINFO[0m Crawling recursively for packages in '/home/bagas/ros2_workspace'
[0.917s] [34mcolcon.colcon_core.package_identification[0m [1;30mLevel 1[0m _identify(.) by extensions ['ignore', 'ignore_ament_install']
[0.917s] [34mcolcon.colcon_core.package_identification[0m [1;30mLevel 1[0m _identify(.) by extension 'ignore'
[0.917s] [34mcolcon.colcon_core.package_identification[0m [1;30mLevel 1[0m _identify(.) by extension 'ignore_ament_install'
[0.917s] [34mcolcon.colcon_core.package_identification[0m [1;30mLevel 1[0m _identify(.) by extensions ['colcon_pkg']
[0.917s] [34mcolcon.colcon_core.package_identification[0m [1;30mLevel 1[0m _identify(.) by extension 'colcon_pkg'
[0.917s] [34mcolcon.colcon_core.package_identification[0m [1;30mLevel 1[0m _identify(.) by extensions ['colcon_meta']
[0.917s] [34mcolcon.colcon_core.package_identification[0m [1;30mLevel 1[0m _identify(.) by extension 'colcon_meta'
[0.917s] [34mcolcon.colcon_core.package_identification[0m [1;30mLevel 1[0m _identify(.) by extensions ['ros']
[0.917s] [34mcolcon.colcon_core.package_identification[0m [1;30mLevel 1[0m _identify(.) by extension 'ros'
[0.926s] [34mcolcon.colcon_core.package_identification[0m [1;30mLevel 1[0m _identify(.) by extensions ['cmake', 'python']
[0.926s] [34mcolcon.colcon_core.package_identification[0m [1;30mLevel 1[0m _identify(.) by extension 'cmake'
[0.926s] [34mcolcon.colcon_core.package_identification[0m [1;30mLevel 1[0m _identify(.) by extension 'python'
[0.926s] [34mcolcon.colcon_core.package_identification[0m [1;30mLevel 1[0m _identify(.) by extensions ['python_setup_py']
[0.926s] [34mcolcon.colcon_core.package_identification[0m [1;30mLevel 1[0m _identify(.) by extension 'python_setup_py'
[0.926s] [34mcolcon.colcon_core.package_identification[0m [1;30mLevel 1[0m _identify(build) by extensions ['ignore', 'ignore_ament_install']
[0.926s] [34mcolcon.colcon_core.package_identification[0m [1;30mLevel 1[0m _identify(build) by extension 'ignore'
[0.926s] [34mcolcon.colcon_core.package_identification[0m [1;30mLevel 1[0m _identify(build) ignored
[0.926s] [34mcolcon.colcon_core.package_identification[0m [1;30mLevel 1[0m _identify(install) by extensions ['ignore', 'ignore_ament_install']
[0.926s] [34mcolcon.colcon_core.package_identification[0m [1;30mLevel 1[0m _identify(install) by extension 'ignore'
[0.926s] [34mcolcon.colcon_core.package_identification[0m [1;30mLevel 1[0m _identify(install) ignored
[0.926s] [34mcolcon.colcon_core.package_identification[0m [1;30mLevel 1[0m _identify(log) by extensions ['ignore', 'ignore_ament_install']
[0.926s] [34mcolcon.colcon_core.package_identification[0m [1;30mLevel 1[0m _identify(log) by extension 'ignore'
[0.926s] [34mcolcon.colcon_core.package_identification[0m [1;30mLevel 1[0m _identify(log) ignored
[0.927s] [34mcolcon.colcon_core.package_identification[0m [1;30mLevel 1[0m _identify(src) by extensions ['ignore', 'ignore_ament_install']
[0.927s] [34mcolcon.colcon_core.package_identification[0m [1;30mLevel 1[0m _identify(src) by extension 'ignore'
[0.927s] [34mcolcon.colcon_core.package_identification[0m [1;30mLevel 1[0m _identify(src) by extension 'ignore_ament_install'
[0.927s] [34mcolcon.colcon_core.package_identification[0m [1;30mLevel 1[0m _identify(src) by extensions ['colcon_pkg']
[0.927s] [34mcolcon.colcon_core.package_identification[0m [1;30mLevel 1[0m _identify(src) by extension 'colcon_pkg'
[0.927s] [34mcolcon.colcon_core.package_identification[0m [1;30mLevel 1[0m _identify(src) by extensions ['colcon_meta']
[0.927s] [34mcolcon.colcon_core.package_identification[0m [1;30mLevel 1[0m _identify(src) by extension 'colcon_meta'
[0.927s] [34mcolcon.colcon_core.package_identification[0m [1;30mLevel 1[0m _identify(src) by extensions ['ros']
[0.927s] [34mcolcon.colcon_core.package_identification[0m [1;30mLevel 1[0m _identify(src) by extension 'ros'
[0.927s] [34mcolcon.colcon_core.package_identification[0m [1;30mLevel 1[0m _identify(src) by extensions ['cmake', 'python']
[0.927s] [34mcolcon.colcon_core.package_identification[0m [1;30mLevel 1[0m _identify(src) by extension 'cmake'
[0.927s] [34mcolcon.colcon_core.package_identification[0m [1;30mLevel 1[0m _identify(src) by extension 'python'
[0.927s] [34mcolcon.colcon_core.package_identification[0m [1;30mLevel 1[0m _identify(src) by extensions ['python_setup_py']
[0.927s] [34mcolcon.colcon_core.package_identification[0m [1;30mLevel 1[0m _identify(src) by extension 'python_setup_py'
[0.927s] [34mcolcon.colcon_core.package_identification[0m [1;30mLevel 1[0m _identify(src/test) by extensions ['ignore', 'ignore_ament_install']
[0.927s] [34mcolcon.colcon_core.package_identification[0m [1;30mLevel 1[0m _identify(src/test) by extension 'ignore'
[0.927s] [34mcolcon.colcon_core.package_identification[0m [1;30mLevel 1[0m _identify(src/test) by extension 'ignore_ament_install'
[0.927s] [34mcolcon.colcon_core.package_identification[0m [1;30mLevel 1[0m _identify(src/test) by extensions ['colcon_pkg']
[0.927s] [34mcolcon.colcon_core.package_identification[0m [1;30mLevel 1[0m _identify(src/test) by extension 'colcon_pkg'
[0.927s] [34mcolcon.colcon_core.package_identification[0m [1;30mLevel 1[0m _identify(src/test) by extensions ['colcon_meta']
[0.927s] [34mcolcon.colcon_core.package_identification[0m [1;30mLevel 1[0m _identify(src/test) by extension 'colcon_meta'
[0.927s] [34mcolcon.colcon_core.package_identification[0m [1;30mLevel 1[0m _identify(src/test) by extensions ['ros']
[0.927s] [34mcolcon.colcon_core.package_identification[0m [1;30mLevel 1[0m _identify(src/test) by extension 'ros'
[0.929s] [34mcolcon.colcon_core.package_identification[0m [1;30mDEBUG[0m [32mPackage 'src/test' with type 'ros.ament_cmake' and name 'test'[0m
[0.929s] [34mcolcon.colcon_core.package_discovery[0m [1;30mLevel 1[0m discover_packages(recursive) using defaults
[0.929s] [34mcolcon.colcon_core.package_discovery[0m [1;30mLevel 1[0m discover_packages(ignore) discover
[0.929s] [34mcolcon.colcon_core.package_discovery[0m [1;30mLevel 1[0m discover_packages(ignore) using defaults
[0.929s] [34mcolcon.colcon_core.package_discovery[0m [1;30mLevel 1[0m discover_packages(path) discover
[0.930s] [34mcolcon.colcon_core.package_discovery[0m [1;30mLevel 1[0m discover_packages(path) using defaults
[1.008s] [34mcolcon.colcon_core.package_discovery[0m [1;30mLevel 1[0m discover_packages(prefix_path) check parameters
[1.009s] [34mcolcon.colcon_core.package_discovery[0m [1;30mLevel 1[0m discover_packages(prefix_path) discover
[1.037s] [34mcolcon.colcon_installed_package_information.package_discovery[0m [1;30mDEBUG[0m [32mFound 5 installed packages in /home/bagas/ProgramRobot/ROS/PROG_Phynix_USB_ROS/install[0m
[1.050s] [34mcolcon.colcon_installed_package_information.package_discovery[0m [1;30mDEBUG[0m [32mFound 274 installed packages in /opt/ros/humble[0m
[1.051s] [34mcolcon.colcon_core.package_discovery[0m [1;30mLevel 1[0m discover_packages(prefix_path) using defaults
[1.135s] [34mcolcon.colcon_core.verb[0m [1;30mLevel 5[0m set package 'test' build argument 'cmake_args' from command line to 'None'
[1.135s] [34mcolcon.colcon_core.verb[0m [1;30mLevel 5[0m set package 'test' build argument 'cmake_target' from command line to 'None'
[1.135s] [34mcolcon.colcon_core.verb[0m [1;30mLevel 5[0m set package 'test' build argument 'cmake_target_skip_unavailable' from command line to 'False'
[1.135s] [34mcolcon.colcon_core.verb[0m [1;30mLevel 5[0m set package 'test' build argument 'cmake_clean_cache' from command line to 'False'
[1.135s] [34mcolcon.colcon_core.verb[0m [1;30mLevel 5[0m set package 'test' build argument 'cmake_clean_first' from command line to 'False'
[1.135s] [34mcolcon.colcon_core.verb[0m [1;30mLevel 5[0m set package 'test' build argument 'cmake_force_configure' from command line to 'False'
[1.135s] [34mcolcon.colcon_core.verb[0m [1;30mLevel 5[0m set package 'test' build argument 'ament_cmake_args' from command line to 'None'
[1.135s] [34mcolcon.colcon_core.verb[0m [1;30mLevel 5[0m set package 'test' build argument 'catkin_cmake_args' from command line to 'None'
[1.135s] [34mcolcon.colcon_core.verb[0m [1;30mLevel 5[0m set package 'test' build argument 'catkin_skip_building_tests' from command line to 'False'
[1.135s] [34mcolcon.colcon_core.verb[0m [1;30mDEBUG[0m [32mBuilding package 'test' with the following arguments: {'ament_cmake_args': None, 'build_base': '/home/bagas/ros2_workspace/build/test', 'catkin_cmake_args': None, 'catkin_skip_building_tests': False, 'cmake_args': None, 'cmake_clean_cache': False, 'cmake_clean_first': False, 'cmake_force_configure': False, 'cmake_target': None, 'cmake_target_skip_unavailable': False, 'install_base': '/home/bagas/ros2_workspace/install/test', 'merge_install': False, 'path': '/home/bagas/ros2_workspace/src/test', 'symlink_install': False, 'test_result_base': None}[0m
[1.148s] [34mcolcon.colcon_core.executor[0m [1;30mINFO[0m Executing jobs using 'parallel' executor
[1.161s] [34mcolcon.colcon_parallel_executor.executor.parallel[0m [1;30mDEBUG[0m [32mrun_until_complete[0m
[1.161s] [34mcolcon.colcon_ros.task.ament_cmake.build[0m [1;30mINFO[0m Building ROS package in '/home/bagas/ros2_workspace/src/test' with build type 'ament_cmake'
[1.161s] [34mcolcon.colcon_cmake.task.cmake.build[0m [1;30mINFO[0m Building CMake package in '/home/bagas/ros2_workspace/src/test'
[1.177s] [34mcolcon.colcon_core.plugin_system[0m [1;30mINFO[0m Skipping extension 'colcon_core.shell.bat': Not used on non-Windows systems
[1.177s] [34mcolcon.colcon_core.shell[0m [1;30mINFO[0m Skip shell extension 'powershell' for command environment: Not usable outside of PowerShell
[1.177s] [34mcolcon.colcon_core.shell[0m [1;30mDEBUG[0m [32mSkip shell extension 'dsv' for command environment[0m
[1.224s] [34mcolcon.colcon_core.event_handler.log_command[0m [1;30mDEBUG[0m [32mInvoking command in '/home/bagas/ros2_workspace/build/test': CMAKE_PREFIX_PATH=${CMAKE_PREFIX_PATH}:/opt/ros/humble /usr/bin/cmake --build /home/bagas/ros2_workspace/build/test -- -j16 -l16[0m
[1.765s] [34mcolcon.colcon_core.event_handler.log_command[0m [1;30mDEBUG[0m [32mInvoked command in '/home/bagas/ros2_workspace/build/test' returned '2': CMAKE_PREFIX_PATH=${CMAKE_PREFIX_PATH}:/opt/ros/humble /usr/bin/cmake --build /home/bagas/ros2_workspace/build/test -- -j16 -l16[0m
[1.802s] [34mcolcon.colcon_core.environment[0m [1;30mLevel 1[0m create_environment_scripts_only(test)
[1.816s] [34mcolcon.colcon_core.environment[0m [1;30mLevel 1[0m checking '/home/bagas/ros2_workspace/install/test' for CMake module files
[1.817s] [34mcolcon.colcon_core.environment[0m [1;30mLevel 1[0m checking '/home/bagas/ros2_workspace/install/test' for CMake config files
[1.817s] [34mcolcon.colcon_core.shell[0m [1;30mLevel 1[0m create_environment_hook('test', 'cmake_prefix_path')
[1.830s] [34mcolcon.colcon_core.shell[0m [1;30mINFO[0m Creating environment hook '/home/bagas/ros2_workspace/install/test/share/test/hook/cmake_prefix_path.ps1'
[1.830s] [34mcolcon.colcon_core.shell[0m [1;30mINFO[0m Creating environment descriptor '/home/bagas/ros2_workspace/install/test/share/test/hook/cmake_prefix_path.dsv'
[1.831s] [34mcolcon.colcon_core.shell[0m [1;30mINFO[0m Creating environment hook '/home/bagas/ros2_workspace/install/test/share/test/hook/cmake_prefix_path.sh'
[1.831s] [34mcolcon.colcon_core.environment[0m [1;30mLevel 1[0m checking '/home/bagas/ros2_workspace/install/test/bin'
[1.831s] [34mcolcon.colcon_core.environment[0m [1;30mLevel 1[0m checking '/home/bagas/ros2_workspace/install/test/lib/pkgconfig/test.pc'
[1.831s] [34mcolcon.colcon_core.environment[0m [1;30mLevel 1[0m checking '/home/bagas/ros2_workspace/install/test/lib/python3.10/site-packages'
[1.832s] [34mcolcon.colcon_core.environment[0m [1;30mLevel 1[0m checking '/home/bagas/ros2_workspace/install/test/bin'
[1.845s] [34mcolcon.colcon_core.shell[0m [1;30mINFO[0m Creating package script '/home/bagas/ros2_workspace/install/test/share/test/package.ps1'
[1.845s] [34mcolcon.colcon_core.shell[0m [1;30mINFO[0m Creating package descriptor '/home/bagas/ros2_workspace/install/test/share/test/package.dsv'
[1.846s] [34mcolcon.colcon_core.shell[0m [1;30mINFO[0m Creating package script '/home/bagas/ros2_workspace/install/test/share/test/package.sh'
[1.846s] [34mcolcon.colcon_core.shell[0m [1;30mINFO[0m Creating package script '/home/bagas/ros2_workspace/install/test/share/test/package.bash'
[1.847s] [34mcolcon.colcon_core.shell[0m [1;30mINFO[0m Creating package script '/home/bagas/ros2_workspace/install/test/share/test/package.zsh'
[1.848s] [34mcolcon.colcon_core.environment[0m [1;30mLevel 1[0m create_file_with_runtime_dependencies(/home/bagas/ros2_workspace/install/test/share/colcon-core/packages/test)
[1.858s] [34mcolcon.colcon_parallel_executor.executor.parallel[0m [1;30mDEBUG[0m [32mclosing loop[0m
[1.858s] [34mcolcon.colcon_parallel_executor.executor.parallel[0m [1;30mDEBUG[0m [32mloop closed[0m
[1.858s] [34mcolcon.colcon_parallel_executor.executor.parallel[0m [1;30mDEBUG[0m [32mrun_until_complete finished with '2'[0m
[1.858s] [34mcolcon.colcon_core.event_reactor[0m [1;30mDEBUG[0m [32mjoining thread[0m
[1.877s] [34mcolcon.colcon_core.plugin_system[0m [1;30mINFO[0m Skipping extension 'colcon_notification.desktop_notification.terminal_notifier': Not used on non-Darwin systems
[1.877s] [34mcolcon.colcon_core.plugin_system[0m [1;30mINFO[0m Skipping extension 'colcon_notification.desktop_notification.win32': Not used on non-Windows systems
[1.877s] [34mcolcon.colcon_notification.desktop_notification[0m [1;30mINFO[0m Sending desktop notification using 'notify2'
[1.887s] [34mcolcon.colcon_core.event_reactor[0m [1;30mDEBUG[0m [32mjoined thread[0m
[1.901s] [34mcolcon.colcon_core.shell[0m [1;30mINFO[0m Creating prefix script '/home/bagas/ros2_workspace/install/local_setup.ps1'
[1.901s] [34mcolcon.colcon_core.shell[0m [1;30mINFO[0m Creating prefix util module '/home/bagas/ros2_workspace/install/_local_setup_util_ps1.py'
[1.902s] [34mcolcon.colcon_core.shell[0m [1;30mINFO[0m Creating prefix chain script '/home/bagas/ros2_workspace/install/setup.ps1'
[1.917s] [34mcolcon.colcon_core.shell[0m [1;30mINFO[0m Creating prefix script '/home/bagas/ros2_workspace/install/local_setup.sh'
[1.917s] [34mcolcon.colcon_core.shell[0m [1;30mINFO[0m Creating prefix util module '/home/bagas/ros2_workspace/install/_local_setup_util_sh.py'
[1.917s] [34mcolcon.colcon_core.shell[0m [1;30mINFO[0m Creating prefix chain script '/home/bagas/ros2_workspace/install/setup.sh'
[1.932s] [34mcolcon.colcon_core.shell[0m [1;30mINFO[0m Creating prefix script '/home/bagas/ros2_workspace/install/local_setup.bash'
[1.932s] [34mcolcon.colcon_core.shell[0m [1;30mINFO[0m Creating prefix chain script '/home/bagas/ros2_workspace/install/setup.bash'
[1.946s] [34mcolcon.colcon_core.shell[0m [1;30mINFO[0m Creating prefix script '/home/bagas/ros2_workspace/install/local_setup.zsh'
[1.946s] [34mcolcon.colcon_core.shell[0m [1;30mINFO[0m Creating prefix chain script '/home/bagas/ros2_workspace/install/setup.zsh'
