[0.077s] Invoking command in '/home/bagas/ros2_workspace/build/pertama': CMAKE_PREFIX_PATH=${CMAKE_PREFIX_PATH}:/opt/ros/humble /usr/bin/cmake --build /home/bagas/ros2_workspace/build/pertama -- -j16 -l16
[0.100s] -- Found ament_cmake: 1.3.6 (/opt/ros/humble/share/ament_cmake/cmake)
[0.219s] -- Found rclcpp: 16.0.7 (/opt/ros/humble/share/rclcpp/cmake)
[0.244s] -- Found rosidl_generator_c: 3.1.5 (/opt/ros/humble/share/rosidl_generator_c/cmake)
[0.246s] -- Found rosidl_adapter: 3.1.5 (/opt/ros/humble/share/rosidl_adapter/cmake)
[0.251s] -- Found rosidl_generator_cpp: 3.1.5 (/opt/ros/humble/share/rosidl_generator_cpp/cmake)
[0.260s] -- Using all available rosidl_typesupport_c: rosidl_typesupport_fastrtps_c;rosidl_typesupport_introspection_c
[0.271s] -- Using all available rosidl_typesupport_cpp: rosidl_typesupport_fastrtps_cpp;rosidl_typesupport_introspection_cpp
[0.319s] -- Found rmw_implementation_cmake: 6.1.1 (/opt/ros/humble/share/rmw_implementation_cmake/cmake)
[0.320s] -- Found rmw_fastrtps_cpp: 6.2.5 (/opt/ros/humble/share/rmw_fastrtps_cpp/cmake)
[0.445s] -- Using RMW implementation 'rmw_fastrtps_cpp' as default
[0.563s] -- Found ament_lint_auto: 0.12.9 (/opt/ros/humble/share/ament_lint_auto/cmake)
[0.619s] -- Added test 'cppcheck' to perform static code analysis on C / C++ code
[0.619s] -- Configured cppcheck include dirs: 
[0.619s] -- Configured cppcheck exclude dirs and/or files: 
[0.619s] -- Added test 'lint_cmake' to check CMake code style
[0.620s] -- Added test 'uncrustify' to check C / C++ code style
[0.620s] -- Configured uncrustify additional arguments: 
[0.620s] -- Added test 'xmllint' to check XML markup files
[0.621s] -- Configuring done
[0.631s] -- Generating done
[0.633s] -- Build files have been written to: /home/bagas/ros2_workspace/build/pertama
[0.657s] [35m[1mConsolidate compiler generated dependencies of target hello[0m
[0.657s] [35m[1mConsolidate compiler generated dependencies of target publish[0m
[0.668s] [ 16%] [32mBuilding CXX object CMakeFiles/subsribe.dir/src/subscriber.cpp.o[0m
[0.669s] [ 50%] Built target hello
[0.677s] [ 66%] [32mBuilding CXX object CMakeFiles/publish.dir/src/publisher.cpp.o[0m
[0.692s] [01m[K/home/bagas/ros2_workspace/src/pertama/src/subscriber.cpp:2:10:[m[K [01;31m[Kfatal error: [m[Krclcpp/rclcpp.hpp: No such file or directory
[0.692s]     2 | #include [01;31m[K"rclcpp/rclcpp.hpp"[m[K
[0.692s]       |          [01;31m[K^~~~~~~~~~~~~~~~~~~[m[K
[0.692s] compilation terminated.
[0.693s] gmake[2]: *** [CMakeFiles/subsribe.dir/build.make:76: CMakeFiles/subsribe.dir/src/subscriber.cpp.o] Error 1
[0.694s] gmake[1]: *** [CMakeFiles/Makefile2:193: CMakeFiles/subsribe.dir/all] Error 2
[0.694s] gmake[1]: *** Waiting for unfinished jobs....
[3.906s] [ 83%] [32m[1mLinking CXX executable publish[0m
[4.052s] [ 83%] Built target publish
[4.053s] gmake: *** [Makefile:146: all] Error 2
[4.055s] Invoked command in '/home/bagas/ros2_workspace/build/pertama' returned '2': CMAKE_PREFIX_PATH=${CMAKE_PREFIX_PATH}:/opt/ros/humble /usr/bin/cmake --build /home/bagas/ros2_workspace/build/pertama -- -j16 -l16
