[0.079s] Invoking command in '/home/bagas/ros2_workspace/build/pertama': CMAKE_PREFIX_PATH=${CMAKE_PREFIX_PATH}:/opt/ros/humble /usr/bin/cmake --build /home/bagas/ros2_workspace/build/pertama -- -j16 -l16
[0.105s] -- Found ament_cmake: 1.3.6 (/opt/ros/humble/share/ament_cmake/cmake)
[0.229s] -- Found rclcpp: 16.0.7 (/opt/ros/humble/share/rclcpp/cmake)
[0.260s] -- Found rosidl_generator_c: 3.1.5 (/opt/ros/humble/share/rosidl_generator_c/cmake)
[0.262s] -- Found rosidl_adapter: 3.1.5 (/opt/ros/humble/share/rosidl_adapter/cmake)
[0.267s] -- Found rosidl_generator_cpp: 3.1.5 (/opt/ros/humble/share/rosidl_generator_cpp/cmake)
[0.276s] -- Using all available rosidl_typesupport_c: rosidl_typesupport_fastrtps_c;rosidl_typesupport_introspection_c
[0.288s] -- Using all available rosidl_typesupport_cpp: rosidl_typesupport_fastrtps_cpp;rosidl_typesupport_introspection_cpp
[0.333s] -- Found rmw_implementation_cmake: 6.1.1 (/opt/ros/humble/share/rmw_implementation_cmake/cmake)
[0.334s] -- Found rmw_fastrtps_cpp: 6.2.5 (/opt/ros/humble/share/rmw_fastrtps_cpp/cmake)
[0.454s] -- Using RMW implementation 'rmw_fastrtps_cpp' as default
[0.573s] [31mCMake Error at /opt/ros/humble/share/ament_cmake_target_dependencies/cmake/ament_target_dependencies.cmake:42 (message):
[0.573s]   ament_target_dependencies() the first argument must be a valid target name
[0.574s] Call Stack (most recent call first):
[0.574s]   CMakeLists.txt:20 (ament_target_dependencies)
[0.574s] 
[0.574s] [0m
[0.574s] -- Configuring incomplete, errors occurred!
[0.574s] See also "/home/bagas/ros2_workspace/build/pertama/CMakeFiles/CMakeOutput.log".
[0.579s] gmake: *** [Makefile:308: cmake_check_build_system] Error 1
[0.582s] Invoked command in '/home/bagas/ros2_workspace/build/pertama' returned '2': CMAKE_PREFIX_PATH=${CMAKE_PREFIX_PATH}:/opt/ros/humble /usr/bin/cmake --build /home/bagas/ros2_workspace/build/pertama -- -j16 -l16
