[0.948s] Invoking command in '/home/bagas/ros2_workspace/src/py_pubsub': PYTHONPATH=/home/bagas/ros2_workspace/build/py_pubsub/prefix_override:/home/bagas/ros2_workspace/install/py_pubsub/lib/python3.10/site-packages:${PYTHONPATH} /usr/bin/python3 setup.py egg_info --egg-base ../../build/py_pubsub build --build-base /home/bagas/ros2_workspace/build/py_pubsub/build install --record /home/bagas/ros2_workspace/build/py_pubsub/install.log --single-version-externally-managed
[1.209s] running egg_info
[1.210s] writing ../../build/py_pubsub/py_pubsub.egg-info/PKG-INFO
[1.210s] writing dependency_links to ../../build/py_pubsub/py_pubsub.egg-info/dependency_links.txt
[1.210s] writing entry points to ../../build/py_pubsub/py_pubsub.egg-info/entry_points.txt
[1.210s] writing requirements to ../../build/py_pubsub/py_pubsub.egg-info/requires.txt
[1.210s] writing top-level names to ../../build/py_pubsub/py_pubsub.egg-info/top_level.txt
[1.212s] reading manifest file '../../build/py_pubsub/py_pubsub.egg-info/SOURCES.txt'
[1.213s] adding license file 'LICENSE'
[1.213s] writing manifest file '../../build/py_pubsub/py_pubsub.egg-info/SOURCES.txt'
[1.213s] running build
[1.213s] running build_py
[1.214s] running install
[1.214s] /usr/lib/python3/dist-packages/setuptools/command/install.py:34: SetuptoolsDeprecationWarning: setup.py install is deprecated. Use build and pip and other standards-based tools.
[1.214s]   warnings.warn(
[1.214s] running install_lib
[1.216s] running install_data
[1.216s] running install_egg_info
[1.219s] removing '/home/bagas/ros2_workspace/install/py_pubsub/lib/python3.10/site-packages/py_pubsub-0.0.0-py3.10.egg-info' (and everything under it)
[1.219s] Copying ../../build/py_pubsub/py_pubsub.egg-info to /home/bagas/ros2_workspace/install/py_pubsub/lib/python3.10/site-packages/py_pubsub-0.0.0-py3.10.egg-info
[1.221s] running install_scripts
[1.243s] Installing listener script to /home/bagas/ros2_workspace/install/py_pubsub/lib/py_pubsub
[1.243s] writing list of installed files to '/home/bagas/ros2_workspace/build/py_pubsub/install.log'
[1.269s] Invoked command in '/home/bagas/ros2_workspace/src/py_pubsub' returned '0': PYTHONPATH=/home/bagas/ros2_workspace/build/py_pubsub/prefix_override:/home/bagas/ros2_workspace/install/py_pubsub/lib/python3.10/site-packages:${PYTHONPATH} /usr/bin/python3 setup.py egg_info --egg-base ../../build/py_pubsub build --build-base /home/bagas/ros2_workspace/build/py_pubsub/build install --record /home/bagas/ros2_workspace/build/py_pubsub/install.log --single-version-externally-managed
