-- Found ament_cmake: 1.3.6 (/opt/ros/humble/share/ament_cmake/cmake)
-- Found rclcpp: 16.0.7 (/opt/ros/humble/share/rclcpp/cmake)
-- Found rosidl_generator_c: 3.1.5 (/opt/ros/humble/share/rosidl_generator_c/cmake)
-- Found rosidl_adapter: 3.1.5 (/opt/ros/humble/share/rosidl_adapter/cmake)
-- Found rosidl_generator_cpp: 3.1.5 (/opt/ros/humble/share/rosidl_generator_cpp/cmake)
-- Using all available rosidl_typesupport_c: rosidl_typesupport_fastrtps_c;rosidl_typesupport_introspection_c
-- Using all available rosidl_typesupport_cpp: rosidl_typesupport_fastrtps_cpp;rosidl_typesupport_introspection_cpp
-- Found rmw_implementation_cmake: 6.1.1 (/opt/ros/humble/share/rmw_implementation_cmake/cmake)
-- Found rmw_fastrtps_cpp: 6.2.5 (/opt/ros/humble/share/rmw_fastrtps_cpp/cmake)
-- Using RMW implementation 'rmw_fastrtps_cpp' as default
-- Found ament_lint_auto: 0.12.9 (/opt/ros/humble/share/ament_lint_auto/cmake)
-- Added test 'cppcheck' to perform static code analysis on C / C++ code
-- Configured cppcheck include dirs: 
-- Configured cppcheck exclude dirs and/or files: 
-- Added test 'lint_cmake' to check CMake code style
-- Added test 'uncrustify' to check C / C++ code style
-- Configured uncrustify additional arguments: 
-- Added test 'xmllint' to check XML markup files
-- Configuring done
-- Generating done
-- Build files have been written to: /home/bagas/ros2_workspace/build/pertama
[35m[1mConsolidate compiler generated dependencies of target hello[0m
[35m[1mConsolidate compiler generated dependencies of target subscribe[0m
[35m[1mConsolidate compiler generated dependencies of target publish[0m
[ 33%] Built target hello
[ 83%] [32m[1mLinking CXX executable subscribe[0m
[ 83%] Built target publish
[100%] Built target subscribe
-- Install configuration: ""
-- Up-to-date: /home/bagas/ros2_workspace/install/pertama/lib/pertama/hello
-- Up-to-date: /home/bagas/ros2_workspace/install/pertama/lib/pertama/publish
-- Installing: /home/bagas/ros2_workspace/install/pertama/lib/pertama/subscribe
-- Set runtime path of "/home/bagas/ros2_workspace/install/pertama/lib/pertama/subscribe" to ""
-- Up-to-date: /home/bagas/ros2_workspace/install/pertama/share/ament_index/resource_index/package_run_dependencies/pertama
-- Up-to-date: /home/bagas/ros2_workspace/install/pertama/share/ament_index/resource_index/parent_prefix_path/pertama
-- Up-to-date: /home/bagas/ros2_workspace/install/pertama/share/pertama/environment/ament_prefix_path.sh
-- Installing: /home/bagas/ros2_workspace/install/pertama/share/pertama/environment/ament_prefix_path.dsv
-- Up-to-date: /home/bagas/ros2_workspace/install/pertama/share/pertama/environment/path.sh
-- Installing: /home/bagas/ros2_workspace/install/pertama/share/pertama/environment/path.dsv
-- Up-to-date: /home/bagas/ros2_workspace/install/pertama/share/pertama/local_setup.bash
-- Up-to-date: /home/bagas/ros2_workspace/install/pertama/share/pertama/local_setup.sh
-- Up-to-date: /home/bagas/ros2_workspace/install/pertama/share/pertama/local_setup.zsh
-- Installing: /home/bagas/ros2_workspace/install/pertama/share/pertama/local_setup.dsv
-- Installing: /home/bagas/ros2_workspace/install/pertama/share/pertama/package.dsv
-- Up-to-date: /home/bagas/ros2_workspace/install/pertama/share/ament_index/resource_index/packages/pertama
-- Up-to-date: /home/bagas/ros2_workspace/install/pertama/share/pertama/cmake/pertamaConfig.cmake
-- Up-to-date: /home/bagas/ros2_workspace/install/pertama/share/pertama/cmake/pertamaConfig-version.cmake
-- Up-to-date: /home/bagas/ros2_workspace/install/pertama/share/pertama/package.xml
