[0.079s] Invoking command in '/home/bagas/ros2_workspace/build/pertama': CMAKE_PREFIX_PATH=${CMAKE_PREFIX_PATH}:/opt/ros/humble /usr/bin/cmake --build /home/bagas/ros2_workspace/build/pertama -- -j16 -l16
[0.102s] -- Found ament_cmake: 1.3.6 (/opt/ros/humble/share/ament_cmake/cmake)
[0.220s] -- Found rclcpp: 16.0.7 (/opt/ros/humble/share/rclcpp/cmake)
[0.246s] -- Found rosidl_generator_c: 3.1.5 (/opt/ros/humble/share/rosidl_generator_c/cmake)
[0.247s] -- Found rosidl_adapter: 3.1.5 (/opt/ros/humble/share/rosidl_adapter/cmake)
[0.252s] -- Found rosidl_generator_cpp: 3.1.5 (/opt/ros/humble/share/rosidl_generator_cpp/cmake)
[0.260s] -- Using all available rosidl_typesupport_c: rosidl_typesupport_fastrtps_c;rosidl_typesupport_introspection_c
[0.272s] -- Using all available rosidl_typesupport_cpp: rosidl_typesupport_fastrtps_cpp;rosidl_typesupport_introspection_cpp
[0.319s] -- Found rmw_implementation_cmake: 6.1.1 (/opt/ros/humble/share/rmw_implementation_cmake/cmake)
[0.320s] -- Found rmw_fastrtps_cpp: 6.2.5 (/opt/ros/humble/share/rmw_fastrtps_cpp/cmake)
[0.439s] -- Using RMW implementation 'rmw_fastrtps_cpp' as default
[0.560s] -- Found ament_lint_auto: 0.12.9 (/opt/ros/humble/share/ament_lint_auto/cmake)
[0.613s] -- Added test 'cppcheck' to perform static code analysis on C / C++ code
[0.613s] -- Configured cppcheck include dirs: 
[0.613s] -- Configured cppcheck exclude dirs and/or files: 
[0.613s] -- Added test 'lint_cmake' to check CMake code style
[0.614s] -- Added test 'uncrustify' to check C / C++ code style
[0.614s] -- Configured uncrustify additional arguments: 
[0.615s] -- Added test 'xmllint' to check XML markup files
[0.615s] -- Configuring done
[0.626s] -- Generating done
[0.628s] -- Build files have been written to: /home/bagas/ros2_workspace/build/pertama
[0.653s] [35m[1mConsolidate compiler generated dependencies of target hello[0m
[0.653s] [35m[1mConsolidate compiler generated dependencies of target publish[0m
[0.663s] [ 16%] [32mBuilding CXX object CMakeFiles/subscribe.dir/src/subscriber.cpp.o[0m
[0.665s] [ 50%] Built target hello
[0.673s] [ 83%] Built target publish
[2.513s] [01m[K/home/bagas/ros2_workspace/src/pertama/src/subscriber.cpp:[m[K In function ‘[01m[Kint main(int, char**)[m[K’:
[2.513s] [01m[K/home/bagas/ros2_workspace/src/pertama/src/subscriber.cpp:29:10:[m[K [01;31m[Kerror: [m[Kexpected ‘[01m[K}[m[K’ at end of input
[2.513s]    29 | return 0;
[2.513s]       |          [01;31m[K^[m[K
[2.513s] [01m[K/home/bagas/ros2_workspace/src/pertama/src/subscriber.cpp:25:1:[m[K [01;36m[Knote: [m[Kto match this ‘[01m[K{[m[K’
[2.514s]    25 | [01;36m[K{[m[K
[2.514s]       | [01;36m[K^[m[K
[4.342s] gmake[2]: *** [CMakeFiles/subscribe.dir/build.make:76: CMakeFiles/subscribe.dir/src/subscriber.cpp.o] Error 1
[4.342s] gmake[1]: *** [CMakeFiles/Makefile2:193: CMakeFiles/subscribe.dir/all] Error 2
[4.342s] gmake: *** [Makefile:146: all] Error 2
[4.345s] Invoked command in '/home/bagas/ros2_workspace/build/pertama' returned '2': CMAKE_PREFIX_PATH=${CMAKE_PREFIX_PATH}:/opt/ros/humble /usr/bin/cmake --build /home/bagas/ros2_workspace/build/pertama -- -j16 -l16
