[0.859s] Invoking command in '/home/bagas/ros2_workspace/src/py_pubsub': PYTHONPATH=/home/bagas/ros2_workspace/build/py_pubsub/prefix_override:/home/bagas/ros2_workspace/install/py_pubsub/lib/python3.10/site-packages:${PYTHONPATH} /usr/bin/python3 setup.py egg_info --egg-base ../../build/py_pubsub build --build-base /home/bagas/ros2_workspace/build/py_pubsub/build install --record /home/bagas/ros2_workspace/build/py_pubsub/install.log --single-version-externally-managed
[1.160s] running egg_info
[1.161s] writing ../../build/py_pubsub/py_pubsub.egg-info/PKG-INFO
[1.161s] writing dependency_links to ../../build/py_pubsub/py_pubsub.egg-info/dependency_links.txt
[1.162s] writing entry points to ../../build/py_pubsub/py_pubsub.egg-info/entry_points.txt
[1.162s] writing requirements to ../../build/py_pubsub/py_pubsub.egg-info/requires.txt
[1.162s] writing top-level names to ../../build/py_pubsub/py_pubsub.egg-info/top_level.txt
[1.164s] reading manifest file '../../build/py_pubsub/py_pubsub.egg-info/SOURCES.txt'
[1.170s] adding license file 'LICENSE'
[1.171s] writing manifest file '../../build/py_pubsub/py_pubsub.egg-info/SOURCES.txt'
[1.171s] running build
[1.171s] running build_py
[1.171s] copying py_pubsub/subscriber.py -> /home/bagas/ros2_workspace/build/py_pubsub/build/lib/py_pubsub
[1.171s] running install
[1.172s] /usr/lib/python3/dist-packages/setuptools/command/install.py:34: SetuptoolsDeprecationWarning: setup.py install is deprecated. Use build and pip and other standards-based tools.
[1.172s]   warnings.warn(
[1.172s] running install_lib
[1.173s] copying /home/bagas/ros2_workspace/build/py_pubsub/build/lib/py_pubsub/subscriber.py -> /home/bagas/ros2_workspace/install/py_pubsub/lib/python3.10/site-packages/py_pubsub
[1.173s] byte-compiling /home/bagas/ros2_workspace/install/py_pubsub/lib/python3.10/site-packages/py_pubsub/subscriber.py to subscriber.cpython-310.pyc
[1.174s] running install_data
[1.175s] copying package.xml -> /home/bagas/ros2_workspace/install/py_pubsub/share/py_pubsub
[1.175s] running install_egg_info
[1.178s] removing '/home/bagas/ros2_workspace/install/py_pubsub/lib/python3.10/site-packages/py_pubsub-0.0.0-py3.10.egg-info' (and everything under it)
[1.178s] Copying ../../build/py_pubsub/py_pubsub.egg-info to /home/bagas/ros2_workspace/install/py_pubsub/lib/python3.10/site-packages/py_pubsub-0.0.0-py3.10.egg-info
[1.180s] running install_scripts
[1.201s] Installing listener script to /home/bagas/ros2_workspace/install/py_pubsub/lib/py_pubsub
[1.202s] writing list of installed files to '/home/bagas/ros2_workspace/build/py_pubsub/install.log'
[1.234s] Invoked command in '/home/bagas/ros2_workspace/src/py_pubsub' returned '0': PYTHONPATH=/home/bagas/ros2_workspace/build/py_pubsub/prefix_override:/home/bagas/ros2_workspace/install/py_pubsub/lib/python3.10/site-packages:${PYTHONPATH} /usr/bin/python3 setup.py egg_info --egg-base ../../build/py_pubsub build --build-base /home/bagas/ros2_workspace/build/py_pubsub/build install --record /home/bagas/ros2_workspace/build/py_pubsub/install.log --single-version-externally-managed
